[debug] [2019-12-17T07:27:18.919Z] ----------------------------------------------------------------------
[debug] [2019-12-17T07:27:18.920Z] Command:       /home/ssgtemp/.nvm/versions/node/v12.13.1/bin/node /usr/local/bin/firebase init
[debug] [2019-12-17T07:27:18.920Z] CLI Version:   7.10.0
[debug] [2019-12-17T07:27:18.921Z] Platform:      linux
[debug] [2019-12-17T07:27:18.921Z] Node Version:  v12.13.1
[debug] [2019-12-17T07:27:18.921Z] Time:          Tue Dec 17 2019 12:57:18 GMT+0530 (India Standard Time)
[debug] [2019-12-17T07:27:18.921Z] ----------------------------------------------------------------------
[debug] [2019-12-17T07:27:18.921Z] 
[debug] [2019-12-17T07:27:18.927Z] > command requires scopes: ["email","openid","https://www.googleapis.com/auth/cloudplatformprojects.readonly","https://www.googleapis.com/auth/firebase","https://www.googleapis.com/auth/cloud-platform"]
[debug] [2019-12-17T07:27:18.927Z] > authorizing via signed-in user
[info] 
     ######## #### ########  ######## ########     ###     ######  ########
     ##        ##  ##     ## ##       ##     ##  ##   ##  ##       ##
     ######    ##  ########  ######   ########  #########  ######  ######
     ##        ##  ##    ##  ##       ##     ## ##     ##       ## ##
     ##       #### ##     ## ######## ########  ##     ##  ######  ########

You're about to initialize a Firebase project in this directory:

  /home/ssgtemp/Angular_Practice/SatTV/satTV

[info] 
=== Project Setup
[info] 
[info] First, let's associate this project directory with a Firebase project.
[info] You can create multiple project aliases by running firebase use --add, 
[info] but for now we'll just set up a default project.
[info] 
[debug] [2019-12-17T07:27:55.742Z] > refreshing access token with scopes: ["email","https://www.googleapis.com/auth/cloud-platform","https://www.googleapis.com/auth/cloudplatformprojects.readonly","https://www.googleapis.com/auth/firebase","openid"]
[debug] [2019-12-17T07:27:55.742Z] >>> HTTP REQUEST POST https://www.googleapis.com/oauth2/v3/token  
 <request body omitted>
[debug] [2019-12-17T07:27:56.163Z] <<< HTTP RESPONSE 200
[debug] [2019-12-17T07:27:56.302Z] >>> HTTP REQUEST GET https://firebase.googleapis.com/v1beta1/projects?pageSize=100  
 
[debug] [2019-12-17T07:27:57.291Z] <<< HTTP RESPONSE 200
[info] i  Using project sattv-84c5d (satTV)
[info] 
=== Hosting Setup
[info] 
[info] Your public directory is the folder (relative to your project directory) that
[info] will contain Hosting assets to be uploaded with firebase deploy. If you
[info] have a build process for your assets, use your build's output directory.
[info] 
